2023/8/18 1:38:03 [导入文件] 
导入时间:2023/8/18 1:38:03, 文件名称:Db.mdb

2023/8/18 1:38:03 [MDB文件解析完成] 
解析完成时间:2023/8/18 1:38:03

2023/8/18 1:38:03 [插入数据库] 
插入数据库时间:2023/8/18 1:38:03

2023/8/18 1:45:24 [导入文件] 
导入时间:2023/8/18 1:45:24, 文件名称:Db.mdb

2023/8/18 1:46:52 [导入文件] 
导入时间:2023/8/18 1:46:52, 文件名称:Db.mdb

2023/8/18 1:48:21 [导入文件] 
导入时间:2023/8/18 1:48:21, 文件名称:Db.mdb

2023/8/18 1:49:03 [导入文件] 
导入时间:2023/8/18 1:49:03, 文件名称:Db.mdb

2023/8/18 15:18:43 [导入文件] 
导入时间:2023/8/18 15:18:43, 文件名称:Db.mdb

2023/8/18 15:18:44 [MDB文件解析完成] 
解析完成时间:2023/8/18 15:18:44

2023/8/18 15:18:44 [插入数据库] 
插入数据库时间:2023/8/18 15:18:44

2023/8/18 15:19:09 [导入文件] 
导入时间:2023/8/18 15:19:09, 文件名称:Db.mdb

2023/8/18 15:19:09 [MDB文件解析完成] 
解析完成时间:2023/8/18 15:19:09

2023/8/18 15:19:09 [插入数据库] 
插入数据库时间:2023/8/18 15:19:09

2023/8/18 15:22:39 [导入文件] 
导入时间:2023/8/18 15:22:39, 文件名称:Db.mdb

2023/8/18 15:22:39 [MDB文件解析完成] 
解析完成时间:2023/8/18 15:22:39

2023/8/18 15:22:39 [插入数据库] 
插入数据库时间:2023/8/18 15:22:39

2023/8/18 15:23:41 [导入文件] 
导入时间:2023/8/18 15:23:41, 文件名称:Db.mdb

2023/8/18 15:38:32 [导入文件] 
导入时间:2023/8/18 15:38:32, 文件名称:Db.mdb

2023/8/18 15:38:32 [MDB文件解析完成] 
解析完成时间:2023/8/18 15:38:32

2023/8/18 15:38:32 [插入数据库] 
插入数据库时间:2023/8/18 15:38:32

2023/8/18 15:41:28 [导入文件] 
导入时间:2023/8/18 15:41:28, 文件名称:Db.mdb

2023/8/18 15:41:28 [MDB文件解析完成] 
解析完成时间:2023/8/18 15:41:28

2023/8/18 15:41:28 [插入数据库] 
插入数据库时间:2023/8/18 15:41:28

